[16/05/2024][09:51:15]
[16/05/2024][09:51:15]Inicio de partida de 10 rondas con 3 jugadores Humanos y 0 jugadores CPU 
[16/05/2024][09:51:15]Se ha producido un error en la aplicacion: null
[16/05/2024][09:51:15]Se ha producido un error en la aplicacion: null
[16/05/2024][09:51:15]Se ha producido un error en la aplicacion: null
[16/05/2024][09:51:15]Se ha producido un error en la aplicacion: null
[16/05/2024][09:51:15]Se ha producido un error en la aplicacion: null
[16/05/2024][09:51:15]Se ha producido un error en la aplicacion: null
[16/05/2024][09:51:15]Se ha producido un error en la aplicacion: null
[16/05/2024][09:52:23]Inicio de partida de 10 rondas con 3 jugadores Humanos y 0 jugadores CPU 
[16/05/2024][09:52:23]Se ha producido un error en la aplicacion: null
[16/05/2024][09:52:23]Se ha producido un error en la aplicacion: null
[16/05/2024][09:52:23]Se ha producido un error en la aplicacion: null
[16/05/2024][09:57:24]Inicio de partida de 10 rondas con 3 jugadores Humanos y 0 jugadores CPU 
[16/05/2024][09:57:24]Se ha producido un error en la aplicacion: null
[16/05/2024][09:57:24]Se ha producido un error en la aplicacion: null
[16/05/2024][09:57:24]Se ha producido un error en la aplicacion: null
[16/05/2024][09:57:24]Se ha producido un error en la aplicacion: null
[16/05/2024][09:57:24]Se ha producido un error en la aplicacion: null
[16/05/2024][09:58:36]Inicio de partida de 10 rondas con 3 jugadores Humanos y 0 jugadores CPU 
[16/05/2024][09:59:54]Inicio de partida de 5 rondas con 2 jugadores Humanos y 0 jugadores CPU 
[16/05/2024][10:00:31]Se ha producido un error en la aplicacion: For input string: ""
[16/05/2024][10:00:31]Inicio de partida de 3 rondas con 2 jugadores Humanos y 0 jugadores CPU 
[16/05/2024][10:01:55]Inicio de partida de 10 rondas con 3 jugadores Humanos y 0 jugadores CPU 
[16/05/2024][10:01:55]Se ha producido un error en la aplicacion: Index 3 out of bounds for length 3
[16/05/2024][10:02:37]Inicio de partida de 5 rondas con 1 jugadores Humanos y 1 jugadores CPU 
[16/05/2024][10:04:14]Inicio de partida de 5 rondas con 1 jugadores Humanos y 1 jugadores CPU 
[16/05/2024][10:15:22]Inicio de partida de 5 rondas con 1 jugadores Humanos y 1 jugadores CPU 
[16/05/2024][10:15:22]Fin de partida de 5 rondas con 1 jugadores Humanos y 1 jugadores CPU, el ganador de la partida a sido CPU1
[16/05/2024][10:15:22]Se ha producido un error en la aplicacion: For input string: "daniel"
[16/05/2024][10:15:22]Inicio de partida de 5 rondas con 1 jugadores Humanos y 0 jugadores CPU 
[16/05/2024][10:15:22]Fin de partida de 5 rondas con 1 jugadores Humanos y 0 jugadores CPU, el resultado de la partida a sido empate 
[16/05/2024][10:16:38]Inicio de partida de 5 rondas con 2 jugadores Humanos y 0 jugadores CPU 
[16/05/2024][10:23:49]Inicio de partida de 5 rondas con 2 jugadores Humanos y 0 jugadores CPU 
[16/05/2024][10:48:59]Se ha producido un error en la aplicacion: For input string: "daniel"
[16/05/2024][10:48:59]Inicio de partida de 3 rondas con 1 jugadores Humanos y 0 jugadores CPU 
[16/05/2024][10:48:59]Fin de partida de 3 rondas con 1 jugadores Humanos y 0 jugadores CPU, el resultado de la partida a sido empate 
[16/05/2024][11:01:48]Inicio de partida de 5 rondas con 2 jugadores Humanos y 0 jugadores CPU 
[16/05/2024][11:01:48]Fin de partida de 5 rondas con 2 jugadores Humanos y 0 jugadores CPU, el resultado de la partida a sido empate 
[16/05/2024][11:02:33]Inicio de partida de 5 rondas con 2 jugadores Humanos y 0 jugadores CPU 
